SF:lib/controller/camera_page_controller.dart
DA:18,0
DA:20,0
DA:22,0
DA:24,0
DA:27,0
DA:28,0
DA:29,0
DA:30,0
DA:34,0
DA:35,0
DA:38,0
DA:40,0
DA:41,0
DA:42,0
DA:43,0
DA:46,0
DA:48,0
DA:49,0
DA:51,0
DA:52,0
DA:54,0
DA:58,0
DA:60,0
DA:63,0
DA:65,0
DA:66,0
LF:26
LH:0
end_of_record
SF:lib/controller/camera_page_controller.g.dart
DA:9,0
DA:14,0
DA:15,0
LF:3
LH:0
end_of_record
SF:lib/model/camera_page_model.dart
DA:14,0
LF:1
LH:0
end_of_record
SF:lib/ui/pages/camera_page.dart
DA:16,0
DA:19,0
DA:20,0
DA:21,0
DA:24,0
DA:26,0
DA:27,0
DA:28,0
DA:30,0
DA:32,0
DA:33,0
DA:34,0
DA:36,0
DA:39,0
DA:40,0
DA:41,0
DA:42,0
DA:43,0
DA:44,0
DA:46,0
DA:51,0
DA:52,0
DA:53,0
DA:54,0
DA:55,0
DA:56,0
DA:57,0
DA:58,0
DA:59,0
DA:61,0
DA:65,0
DA:68,0
DA:70,0
DA:71,0
DA:72,0
DA:74,0
DA:75,0
DA:76,0
DA:77,0
DA:78,0
DA:79,0
DA:80,0
DA:81,0
DA:83,0
DA:85,0
DA:86,0
DA:87,0
DA:88,0
DA:90,0
DA:91,0
DA:92,0
DA:93,0
DA:95,0
DA:96,0
DA:99,0
DA:104,0
DA:105,0
DA:106,0
DA:107,0
DA:112,0
DA:113,0
DA:114,0
DA:115,0
DA:125,0
DA:126,0
DA:127,0
DA:128,0
DA:131,0
DA:133,0
DA:136,0
DA:138,0
DA:139,0
DA:140,0
DA:143,0
DA:144,0
DA:145,0
DA:146,0
DA:148,0
DA:150,0
DA:151,0
DA:154,0
DA:155,0
DA:157,0
LF:83
LH:0
end_of_record
SF:lib/controller/hive_controller.dart
DA:17,1
DA:19,1
DA:21,1
DA:22,1
DA:23,3
DA:24,3
DA:25,1
DA:26,3
DA:27,3
DA:29,1
DA:33,1
DA:34,4
DA:35,2
DA:38,1
DA:39,2
DA:40,2
DA:41,2
DA:44,1
DA:45,12
DA:46,2
DA:49,1
DA:50,12
DA:51,2
DA:57,1
LF:24
LH:24
end_of_record
SF:lib/controller/hive_controller.g.dart
DA:9,1
DA:13,2
DA:14,1
LF:3
LH:3
end_of_record
SF:lib/model/hive_text_model.dart
DA:20,1
LF:1
LH:1
end_of_record
SF:lib/model/hive_text_model.g.dart
DA:13,0
DA:15,0
DA:16,0
DA:17,0
DA:19,0
DA:20,0
DA:21,0
DA:22,0
DA:23,0
DA:27,1
DA:30,1
DA:31,1
DA:32,2
DA:33,1
DA:34,2
DA:35,1
DA:36,2
DA:37,1
DA:38,2
DA:41,0
DA:42,0
DA:44,0
DA:47,0
DA:48,0
DA:49,0
LF:25
LH:10
end_of_record
SF:lib/controller/result_controller.dart
DA:31,1
DA:32,2
DA:33,4
DA:34,3
DA:36,4
DA:39,2
DA:41,2
DA:44,0
DA:46,0
DA:47,0
DA:48,0
DA:49,0
DA:50,0
DA:51,0
DA:52,0
DA:53,0
DA:57,0
DA:59,0
DA:60,0
DA:62,0
DA:64,0
DA:65,0
DA:66,0
DA:67,0
DA:68,0
DA:70,0
DA:73,0
DA:74,0
DA:76,0
DA:79,0
DA:80,0
DA:81,0
DA:85,1
DA:87,2
DA:88,3
DA:89,4
DA:90,2
DA:91,0
DA:92,0
DA:93,0
DA:94,0
DA:95,0
DA:100,0
DA:102,0
DA:103,0
DA:104,0
DA:105,0
DA:106,0
DA:107,0
DA:108,0
DA:109,0
LF:51
LH:12
end_of_record
SF:lib/controller/result_controller.g.dart
DA:9,2
DA:13,4
DA:14,2
LF:3
LH:3
end_of_record
SF:lib/model/result_model.dart
DA:13,4
DA:14,2
DA:15,2
LF:3
LH:3
end_of_record
SF:lib/services/segmenter.dart
DA:10,0
DA:11,0
DA:12,0
DA:15,0
DA:18,0
DA:19,0
DA:20,0
DA:21,0
DA:22,0
DA:23,0
DA:24,0
DA:26,0
DA:27,0
DA:28,0
DA:30,0
DA:31,0
DA:32,0
DA:33,0
DA:34,0
DA:37,0
DA:38,0
DA:39,0
DA:44,0
DA:45,0
DA:46,0
DA:49,0
DA:51,0
DA:52,0
DA:53,0
DA:54,0
DA:55,0
DA:56,0
DA:57,0
DA:59,0
DA:62,0
DA:63,0
DA:64,0
DA:65,0
DA:66,0
DA:69,0
DA:70,0
DA:71,0
DA:74,0
DA:75,0
DA:76,0
DA:79,0
DA:80,0
DA:83,0
DA:84,0
DA:85,0
DA:86,0
DA:87,0
DA:88,0
DA:92,0
DA:97,0
DA:98,0
DA:99,0
DA:101,0
DA:102,0
DA:103,0
DA:105,0
DA:121,0
DA:122,0
DA:123,0
DA:126,0
DA:127,0
DA:128,0
DA:130,0
DA:131,0
DA:132,0
DA:133,0
DA:134,0
DA:135,0
DA:136,0
DA:137,0
DA:139,0
DA:140,0
DA:143,0
DA:144,0
DA:145,0
DA:147,0
DA:148,0
DA:149,0
LF:83
LH:0
end_of_record
SF:lib/ui/pages/result_page.dart
DA:15,0
DA:18,0
DA:20,0
DA:21,0
DA:23,0
DA:24,0
DA:26,0
DA:27,0
DA:28,0
DA:31,0
DA:32,0
DA:33,0
DA:34,0
DA:38,0
DA:39,0
DA:40,0
DA:42,0
DA:46,0
DA:47,0
DA:48,0
DA:49,0
DA:50,0
DA:51,0
DA:52,0
DA:53,0
DA:54,0
DA:55,0
DA:56,0
DA:60,0
DA:61,0
DA:63,0
DA:68,0
DA:69,0
DA:70,0
DA:71,0
DA:72,0
DA:73,0
DA:74,0
DA:75,0
DA:81,0
DA:82,0
DA:83,0
DA:84,0
DA:85,0
DA:86,0
DA:87,0
DA:88,0
DA:89,0
DA:90,0
DA:91,0
DA:92,0
DA:93,0
DA:94,0
DA:95,0
DA:96,0
DA:97,0
DA:98,0
DA:99,0
DA:101,0
DA:102,0
DA:103,0
DA:104,0
DA:105,0
DA:107,0
DA:108,0
DA:109,0
DA:110,0
DA:111,0
DA:116,0
DA:117,0
DA:118,0
DA:119,0
DA:120,0
DA:121,0
DA:127,0
DA:128,0
DA:129,0
DA:130,0
DA:131,0
DA:132,0
DA:134,0
DA:135,0
DA:137,0
DA:138,0
DA:144,0
DA:148,0
DA:149,0
DA:150,0
DA:152,0
DA:153,0
DA:158,0
DA:159,0
DA:160,0
DA:161,0
DA:162,0
DA:164,0
DA:165,0
DA:166,0
LF:98
LH:0
end_of_record
SF:lib/model/save_model.dart
DA:7,0
DA:9,0
DA:10,0
LF:3
LH:0
end_of_record
SF:lib/services/translation_service.dart
DA:10,0
DA:12,0
DA:13,0
DA:14,0
DA:17,0
DA:25,0
DA:26,0
DA:27,0
DA:28,0
DA:30,0
DA:31,0
DA:32,0
LF:12
LH:0
end_of_record
SF:lib/router/typed_routes.dart
DA:29,0
DA:31,0
DA:37,0
DA:39,0
DA:50,0
DA:54,0
DA:56,0
DA:65,0
DA:67,0
DA:76,0
DA:78,0
DA:101,0
DA:103,0
DA:109,0
DA:111,0
DA:117,0
DA:119,0
DA:125,0
DA:127,0
DA:133,0
DA:135,0
LF:21
LH:0
end_of_record
SF:lib/router/typed_routes.g.dart
DA:9,0
DA:10,0
DA:11,0
DA:12,0
DA:13,0
DA:14,0
DA:17,0
DA:20,0
DA:21,0
DA:29,0
DA:31,0
DA:35,0
DA:37,0
DA:39,0
DA:40,0
DA:42,0
DA:46,0
DA:48,0
DA:52,0
DA:54,0
DA:56,0
DA:57,0
DA:59,0
DA:62,0
DA:68,0
DA:69,0
DA:72,0
DA:73,0
DA:76,0
DA:78,0
DA:80,0
DA:81,0
DA:83,0
DA:86,0
DA:92,0
DA:94,0
DA:98,0
DA:100,0
DA:102,0
DA:103,0
DA:105,0
DA:108,0
DA:114,0
DA:116,0
DA:120,0
DA:122,0
DA:124,0
DA:125,0
DA:127,0
DA:130,0
DA:133,0
DA:134,0
DA:138,0
DA:142,0
DA:146,0
DA:154,0
DA:156,0
DA:160,0
DA:162,0
DA:164,0
DA:165,0
DA:167,0
DA:171,0
DA:172,0
DA:174,0
DA:178,0
DA:180,0
DA:182,0
DA:183,0
DA:185,0
DA:189,0
DA:191,0
DA:195,0
DA:197,0
DA:199,0
DA:200,0
DA:202,0
DA:206,0
DA:207,0
DA:209,0
DA:213,0
DA:215,0
DA:217,0
DA:218,0
DA:220,0
DA:224,0
DA:225,0
DA:227,0
DA:231,0
DA:233,0
DA:235,0
DA:236,0
DA:238,0
LF:93
LH:0
end_of_record
SF:lib/ui/pages/sub_settings/terms_and_condition.dart
DA:6,1
DA:8,1
DA:10,3
DA:11,3
DA:13,1
DA:14,1
DA:15,1
DA:16,1
DA:20,1
DA:21,4
DA:22,1
DA:23,1
DA:24,1
DA:26,1
DA:27,1
DA:28,4
DA:29,1
DA:30,1
DA:31,2
DA:32,1
DA:34,1
DA:35,1
DA:37,1
DA:39,2
DA:40,1
DA:43,2
DA:44,1
DA:46,1
DA:48,2
DA:49,1
DA:52,2
DA:53,1
DA:55,1
DA:57,2
DA:58,1
DA:61,2
DA:62,1
DA:64,1
DA:66,2
DA:67,1
DA:70,2
DA:71,1
DA:73,1
DA:75,2
DA:76,1
DA:79,2
DA:80,1
DA:82,1
DA:84,2
DA:85,1
DA:88,2
DA:89,1
DA:91,1
DA:93,2
DA:94,1
DA:97,2
DA:98,1
DA:100,1
DA:113,1
LF:59
LH:59
end_of_record
SF:lib/ui/pages/sub_settings/tipps_and_tricks.dart
DA:7,1
DA:9,1
DA:11,3
DA:12,3
DA:14,1
DA:15,1
DA:16,1
DA:17,1
DA:21,1
DA:22,4
DA:23,1
DA:24,1
DA:25,1
DA:27,1
DA:28,1
DA:29,4
DA:30,1
DA:31,1
DA:32,2
DA:33,1
DA:35,1
DA:36,1
DA:38,1
DA:40,2
DA:41,1
DA:44,2
DA:45,1
DA:47,1
DA:49,2
DA:50,1
DA:53,2
DA:54,1
DA:56,1
DA:58,2
DA:59,1
DA:62,2
DA:63,1
DA:65,1
DA:67,2
DA:68,1
DA:71,2
DA:72,1
DA:74,1
DA:76,2
DA:77,1
DA:80,2
DA:81,1
DA:83,1
DA:85,2
DA:86,1
DA:89,2
DA:90,1
DA:92,1
DA:94,2
DA:95,1
DA:109,1
LF:56
LH:56
end_of_record
SF:lib/ui/pages/history_page.dart
DA:16,0
DA:18,0
DA:19,0
DA:27,0
DA:29,0
DA:30,0
DA:31,0
DA:32,0
DA:33,0
DA:35,0
DA:36,0
DA:38,0
DA:39,0
DA:41,0
DA:45,0
DA:46,0
DA:47,0
DA:48,0
DA:49,0
DA:51,0
DA:52,0
DA:53,0
DA:54,0
DA:55,0
DA:56,0
DA:57,0
DA:58,0
DA:61,0
DA:62,0
DA:63,0
DA:64,0
DA:65,0
DA:69,0
DA:70,0
DA:71,0
DA:72,0
DA:73,0
DA:80,0
DA:81,0
DA:92,0
DA:93,0
DA:94,0
DA:95,0
DA:96,0
DA:98,0
DA:100,0
DA:101,0
DA:103,0
DA:106,0
DA:107,0
DA:109,0
DA:111,0
DA:113,0
DA:123,0
DA:124,0
DA:125,0
DA:126,0
DA:127,0
DA:128,0
DA:129,0
DA:131,0
DA:132,0
DA:133,0
DA:134,0
DA:135,0
DA:136,0
DA:137,0
DA:138,0
DA:139,0
DA:140,0
DA:141,0
DA:142,0
DA:143,0
DA:145,0
DA:146,0
DA:147,0
DA:149,0
DA:150,0
DA:151,0
DA:155,0
DA:156,0
DA:157,0
DA:158,0
DA:159,0
DA:160,0
DA:162,0
DA:163,0
DA:164,0
DA:170,0
DA:172,0
DA:173,0
DA:174,0
DA:175,0
DA:176,0
DA:177,0
DA:178,0
DA:179,0
DA:180,0
DA:182,0
DA:183,0
DA:186,0
DA:187,0
DA:189,0
DA:196,0
DA:197,0
DA:198,0
DA:199,0
DA:201,0
DA:203,0
DA:204,0
DA:209,0
DA:210,0
DA:211,0
DA:212,0
DA:213,0
DA:214,0
DA:215,0
DA:217,0
DA:218,0
DA:219,0
DA:221,0
DA:243,0
LF:122
LH:0
end_of_record
SF:lib/ui/pages/translation_page.dart
DA:11,1
DA:13,1
DA:14,1
DA:31,0
DA:33,0
DA:34,0
DA:35,0
DA:36,0
DA:37,0
DA:40,0
DA:41,0
DA:42,0
DA:46,1
DA:48,3
DA:49,3
DA:51,1
DA:53,1
DA:54,1
DA:56,1
DA:57,1
DA:58,1
DA:59,1
DA:60,1
DA:61,1
DA:62,1
DA:64,1
DA:65,1
DA:66,4
DA:67,1
DA:68,2
DA:69,1
DA:70,1
DA:71,2
DA:72,1
DA:74,1
DA:75,1
DA:76,2
DA:77,1
DA:78,1
DA:79,1
DA:85,0
DA:86,0
DA:96,1
DA:98,1
DA:99,1
DA:100,1
DA:101,4
DA:102,1
DA:103,1
DA:104,1
DA:105,1
DA:106,4
DA:123,0
DA:124,0
DA:125,0
DA:133,1
DA:134,3
DA:135,1
DA:136,1
DA:137,2
DA:138,1
DA:139,2
DA:140,1
DA:141,2
DA:142,3
DA:143,1
DA:153,1
DA:154,1
DA:155,4
DA:156,1
DA:157,1
DA:158,1
DA:159,1
DA:160,4
DA:177,0
DA:178,0
DA:179,0
DA:188,1
DA:189,4
DA:190,1
DA:191,2
DA:192,1
DA:193,1
DA:194,2
DA:195,1
DA:196,2
DA:197,1
DA:198,1
DA:214,1
LF:89
LH:72
end_of_record
SF:lib/ui/pages/home_page.dart
DA:11,2
DA:14,2
DA:15,2
DA:21,2
DA:23,6
DA:24,6
DA:26,2
DA:27,2
DA:28,2
DA:29,2
DA:30,2
DA:31,2
DA:32,2
DA:33,2
DA:34,2
DA:35,2
DA:36,2
DA:37,4
DA:38,2
DA:40,2
DA:41,2
DA:42,6
DA:43,6
DA:45,2
DA:47,4
DA:50,4
DA:51,2
DA:53,4
DA:56,4
DA:57,2
DA:58,0
DA:60,2
DA:74,2
LF:33
LH:32
end_of_record
SF:lib/ui/pages/settings_page.dart
DA:15,1
DA:17,1
DA:18,1
DA:22,1
DA:24,4
DA:25,1
DA:26,2
DA:27,3
DA:28,3
DA:30,1
DA:31,1
DA:32,1
DA:33,1
DA:37,1
DA:38,1
DA:39,4
DA:40,1
DA:41,1
DA:42,1
DA:43,1
DA:44,2
DA:45,1
DA:47,1
DA:49,1
DA:50,1
DA:55,1
DA:56,4
DA:57,1
DA:58,3
DA:59,1
DA:60,1
DA:61,1
DA:62,1
DA:63,0
DA:64,1
DA:65,2
DA:66,1
DA:67,1
DA:68,2
DA:69,1
DA:70,2
DA:71,1
DA:73,1
DA:74,3
DA:78,1
DA:79,2
DA:84,1
DA:86,1
DA:87,4
DA:91,1
DA:92,0
DA:93,1
DA:94,1
DA:95,2
DA:96,1
DA:97,2
DA:98,1
DA:100,1
DA:101,3
DA:105,1
DA:106,2
DA:110,1
DA:112,1
DA:113,4
DA:117,1
DA:118,0
DA:119,1
DA:120,2
DA:121,1
DA:122,1
DA:123,2
DA:124,1
DA:125,2
DA:126,1
DA:128,1
DA:129,3
DA:133,1
DA:134,2
DA:144,1
DA:145,3
DA:146,1
DA:148,1
DA:150,1
DA:151,1
DA:156,1
DA:157,4
DA:158,1
DA:159,3
DA:160,1
DA:161,1
DA:162,1
DA:163,1
DA:164,2
DA:165,1
DA:166,0
DA:167,1
DA:168,1
DA:169,2
DA:170,1
DA:171,2
DA:172,1
DA:174,1
DA:175,3
DA:179,1
DA:180,1
DA:182,1
DA:186,1
DA:187,2
DA:189,1
DA:198,1
DA:200,1
DA:201,4
DA:205,1
DA:206,0
DA:207,1
DA:208,2
DA:209,1
DA:210,1
DA:211,2
DA:212,1
DA:213,2
DA:214,1
DA:216,1
DA:217,3
DA:221,1
DA:222,2
DA:232,1
DA:233,4
DA:234,1
DA:235,3
DA:236,1
DA:237,1
DA:238,1
DA:239,1
DA:240,2
DA:241,1
DA:242,0
DA:243,0
DA:245,0
DA:246,0
DA:247,0
DA:248,0
DA:249,0
DA:250,0
DA:251,0
DA:252,0
DA:253,0
DA:256,0
DA:257,0
DA:258,0
DA:259,0
DA:260,0
DA:261,0
DA:269,1
DA:270,1
DA:271,2
DA:272,1
DA:273,2
DA:274,2
DA:291,1
LF:160
LH:138
end_of_record
SF:lib/ui/pages/sub_settings/more_settings.dart
DA:7,1
DA:9,1
DA:10,1
DA:14,1
DA:16,3
DA:17,3
DA:19,1
DA:20,1
DA:21,1
DA:22,1
DA:26,1
DA:27,4
DA:28,1
DA:29,1
DA:30,1
DA:31,1
DA:32,2
DA:33,1
DA:35,1
DA:37,1
DA:38,1
DA:43,1
DA:44,4
DA:45,1
DA:46,3
DA:47,1
DA:48,1
DA:49,1
DA:50,1
DA:51,2
DA:52,1
DA:53,0
DA:54,1
DA:55,1
DA:56,1
DA:57,2
DA:58,2
DA:59,3
DA:66,1
DA:68,1
DA:69,4
DA:73,1
DA:74,0
DA:75,1
DA:76,1
DA:77,1
DA:78,2
DA:79,2
DA:80,3
DA:86,1
DA:88,1
DA:89,4
DA:93,1
DA:94,2
DA:95,1
DA:96,0
DA:97,1
DA:98,1
DA:99,1
DA:100,2
DA:101,2
DA:102,3
LF:62
LH:59
end_of_record
SF:lib/ui/pages/sub_settings/impressum.dart
DA:7,1
DA:9,1
DA:11,3
DA:12,3
DA:14,1
DA:15,1
DA:16,1
DA:17,1
DA:21,1
DA:22,4
DA:23,1
DA:24,1
DA:25,1
DA:27,1
DA:28,1
DA:29,4
DA:30,1
DA:31,2
DA:32,1
DA:33,1
DA:34,2
DA:35,1
DA:37,1
DA:38,1
DA:40,1
DA:42,2
DA:43,1
DA:44,1
DA:45,1
DA:46,1
DA:47,1
DA:48,1
DA:49,1
DA:51,1
DA:53,2
DA:54,1
DA:55,1
DA:56,2
DA:57,1
DA:59,1
DA:61,2
DA:62,1
DA:63,1
DA:64,2
DA:65,1
DA:67,1
DA:69,2
DA:70,1
DA:71,1
DA:72,1
DA:73,2
DA:74,1
DA:76,1
DA:78,2
DA:79,1
DA:81,2
DA:82,1
DA:84,1
DA:86,2
DA:87,1
DA:88,1
DA:89,1
DA:90,1
DA:91,1
DA:92,2
DA:93,1
DA:95,1
DA:97,2
DA:98,1
DA:100,1
DA:102,2
DA:103,1
DA:106,2
DA:107,1
DA:109,1
DA:111,2
DA:112,1
DA:115,2
DA:116,1
DA:118,1
DA:132,1
LF:81
LH:81
end_of_record
SF:lib/services/match_char.dart
DA:22,0
DA:23,0
DA:24,0
DA:25,0
DA:26,0
DA:27,0
DA:31,0
DA:32,0
DA:33,0
DA:34,0
DA:35,0
DA:38,0
DA:39,0
DA:42,0
DA:45,0
DA:49,0
DA:50,0
DA:51,0
DA:54,0
DA:55,0
DA:56,0
DA:57,0
DA:65,0
DA:66,0
DA:67,0
DA:68,0
DA:69,0
DA:71,0
DA:73,0
DA:79,0
DA:80,0
DA:81,0
DA:82,0
DA:83,0
DA:84,0
DA:85,0
DA:88,0
DA:89,0
DA:90,0
DA:91,0
DA:92,0
DA:93,0
DA:94,0
DA:95,0
LF:44
LH:0
end_of_record
SF:lib/services/theme_provider.dart
DA:6,0
DA:8,0
DA:9,0
DA:10,0
LF:4
LH:0
end_of_record
SF:lib/ui/buttons/custom_checkbox.dart
DA:8,2
DA:10,1
DA:12,3
DA:13,3
DA:15,1
DA:16,1
DA:17,3
DA:19,1
DA:20,1
DA:21,1
DA:23,1
DA:25,1
DA:26,2
DA:28,1
DA:29,3
LF:15
LH:15
end_of_record
SF:lib/ui/buttons/filter_button.dart
DA:8,1
DA:10,1
DA:11,1
DA:19,1
DA:21,3
DA:22,3
DA:24,1
DA:25,1
DA:26,1
DA:28,1
DA:29,1
DA:30,3
DA:32,0
DA:33,1
DA:34,1
DA:36,1
DA:37,6
DA:40,1
DA:41,2
DA:42,1
DA:43,2
DA:44,4
DA:46,1
DA:47,1
DA:48,0
DA:49,0
DA:51,2
DA:52,4
DA:54,1
DA:55,1
DA:56,2
DA:57,4
DA:59,2
DA:60,4
DA:64,2
DA:65,1
DA:67,1
DA:68,1
DA:69,2
DA:70,2
DA:72,2
DA:73,3
DA:77,1
DA:79,1
DA:80,1
DA:81,2
DA:82,2
DA:84,3
DA:85,4
DA:89,1
DA:91,1
DA:92,1
DA:93,2
DA:94,2
DA:96,3
DA:97,4
LF:56
LH:53
end_of_record
SF:lib/ui/buttons/info_button.dart
DA:6,4
DA:8,4
DA:9,4
DA:14,4
DA:16,12
DA:17,12
DA:19,4
DA:21,4
DA:22,8
DA:23,4
DA:25,1
DA:26,1
DA:28,1
DA:29,1
DA:30,1
DA:31,3
DA:32,1
DA:33,1
DA:34,1
DA:35,1
DA:36,2
LF:21
LH:21
end_of_record
SF:lib/ui/components/bottom_nav_bar.dart
DA:9,7
DA:10,7
DA:11,7
DA:29,0
DA:31,0
DA:32,0
DA:34,0
DA:35,0
DA:37,0
DA:38,0
DA:40,0
DA:41,0
LF:12
LH:3
end_of_record
SF:lib/ui/components/header.dart
DA:10,123
DA:12,9
DA:14,27
DA:16,9
DA:21,27
DA:22,9
DA:25,19
DA:26,1
DA:27,0
DA:28,0
DA:32,9
DA:33,9
DA:34,9
DA:36,9
DA:41,0
LF:15
LH:12
end_of_record
