SF:lib\ui\buttons\filter_button.dart
DA:8,1
DA:10,1
DA:11,1
DA:19,1
DA:21,3
DA:22,3
DA:24,1
DA:25,1
DA:26,1
DA:28,1
DA:29,1
DA:30,3
DA:32,0
DA:33,1
DA:34,1
DA:36,1
DA:37,6
DA:40,1
DA:41,2
DA:42,1
DA:43,2
DA:44,4
DA:46,1
DA:47,1
DA:48,0
DA:49,0
DA:51,2
DA:52,4
DA:54,1
DA:55,1
DA:56,2
DA:57,4
DA:59,2
DA:60,4
DA:64,2
DA:65,1
DA:67,1
DA:68,1
DA:69,2
DA:70,2
DA:72,2
DA:73,3
DA:77,1
DA:79,1
DA:80,1
DA:81,2
DA:82,2
DA:84,3
DA:85,4
DA:89,1
DA:91,1
DA:92,1
DA:93,2
DA:94,2
DA:96,3
DA:97,4
LF:56
LH:53
end_of_record
